<?xml version="1.0" encoding="UTF-8"?>
<testng-results skipped="0" failed="0" ignored="0" total="2" passed="2">
  <reporter-output>
  </reporter-output>
  <suite name="Default suite" duration-ms="35586" started-at="2017-12-25T03:17:15Z" finished-at="2017-12-25T03:17:51Z">
    <groups>
    </groups>
    <test name="Default test" duration-ms="35586" started-at="2017-12-25T03:17:15Z" finished-at="2017-12-25T03:17:51Z">
      <class name="com.seleniummaven.search.Search">
        <test-method status="PASS" signature="loadProperties()[pri:0, instance:com.seleniummaven.search.Search@6f1fba17]" name="loadProperties" is-config="true" duration-ms="17685" started-at="2017-12-25T08:47:15Z" finished-at="2017-12-25T08:47:33Z">
          <reporter-output>
          </reporter-output>
        </test-method> <!-- loadProperties -->
        <test-method status="PASS" signature="browserLaunch()[pri:0, instance:com.seleniummaven.search.Search@6f1fba17]" name="browserLaunch" is-config="true" duration-ms="116" started-at="2017-12-25T08:47:33Z" finished-at="2017-12-25T08:47:33Z">
          <reporter-output>
          </reporter-output>
        </test-method> <!-- browserLaunch -->
        <test-method status="PASS" signature="OpenProdPageBySearch()[pri:0, instance:com.seleniummaven.search.Search@6f1fba17]" name="OpenProdPageBySearch" duration-ms="10796" started-at="2017-12-25T08:47:33Z" finished-at="2017-12-25T08:47:44Z">
          <reporter-output>
          </reporter-output>
        </test-method> <!-- OpenProdPageBySearch -->
        <test-method status="PASS" signature="tearUp()[pri:0, instance:com.seleniummaven.search.Search@6f1fba17]" name="tearUp" is-config="true" duration-ms="1" started-at="2017-12-25T08:47:44Z" finished-at="2017-12-25T08:47:44Z">
          <reporter-output>
          </reporter-output>
        </test-method> <!-- tearUp -->
        <test-method status="PASS" signature="browserLaunch()[pri:0, instance:com.seleniummaven.search.Search@6f1fba17]" name="browserLaunch" is-config="true" duration-ms="56" started-at="2017-12-25T08:47:44Z" finished-at="2017-12-25T08:47:44Z">
          <reporter-output>
          </reporter-output>
        </test-method> <!-- browserLaunch -->
        <test-method status="PASS" signature="validateSearch()[pri:0, instance:com.seleniummaven.search.Search@6f1fba17]" name="validateSearch" duration-ms="6873" started-at="2017-12-25T08:47:44Z" finished-at="2017-12-25T08:47:51Z">
          <reporter-output>
          </reporter-output>
        </test-method> <!-- validateSearch -->
        <test-method status="PASS" signature="tearUp()[pri:0, instance:com.seleniummaven.search.Search@6f1fba17]" name="tearUp" is-config="true" duration-ms="1" started-at="2017-12-25T08:47:51Z" finished-at="2017-12-25T08:47:51Z">
          <reporter-output>
          </reporter-output>
        </test-method> <!-- tearUp -->
      </class> <!-- com.seleniummaven.search.Search -->
    </test> <!-- Default test -->
  </suite> <!-- Default suite -->
</testng-results>
