<?xml version="1.0" encoding="UTF-8"?>
<testng-results skipped="0" failed="0" ignored="0" total="2" passed="2">
  <reporter-output>
  </reporter-output>
  <suite name="Default suite" duration-ms="52265" started-at="2017-12-27T14:25:17Z" finished-at="2017-12-27T14:26:10Z">
    <groups>
    </groups>
    <test name="Default test" duration-ms="52265" started-at="2017-12-27T14:25:17Z" finished-at="2017-12-27T14:26:10Z">
      <class name="com.seleniummaven.search.Search">
        <test-method status="PASS" signature="loadProperties()[pri:0, instance:com.seleniummaven.search.Search@6f1fba17]" name="loadProperties" is-config="true" duration-ms="29158" started-at="2017-12-27T19:55:17Z" finished-at="2017-12-27T19:55:46Z">
          <reporter-output>
          </reporter-output>
        </test-method> <!-- loadProperties -->
        <test-method status="PASS" signature="browserLaunch()[pri:0, instance:com.seleniummaven.search.Search@6f1fba17]" name="browserLaunch" is-config="true" duration-ms="83" started-at="2017-12-27T19:55:47Z" finished-at="2017-12-27T19:55:47Z">
          <reporter-output>
          </reporter-output>
        </test-method> <!-- browserLaunch -->
        <test-method status="PASS" signature="OpenProdPageBySearch()[pri:0, instance:com.seleniummaven.search.Search@6f1fba17]" name="OpenProdPageBySearch" duration-ms="16372" started-at="2017-12-27T19:55:47Z" finished-at="2017-12-27T19:56:03Z">
          <reporter-output>
          </reporter-output>
        </test-method> <!-- OpenProdPageBySearch -->
        <test-method status="PASS" signature="tearUp()[pri:0, instance:com.seleniummaven.search.Search@6f1fba17]" name="tearUp" is-config="true" duration-ms="0" started-at="2017-12-27T19:56:03Z" finished-at="2017-12-27T19:56:03Z">
          <reporter-output>
          </reporter-output>
        </test-method> <!-- tearUp -->
        <test-method status="PASS" signature="browserLaunch()[pri:0, instance:com.seleniummaven.search.Search@6f1fba17]" name="browserLaunch" is-config="true" duration-ms="44" started-at="2017-12-27T19:56:03Z" finished-at="2017-12-27T19:56:03Z">
          <reporter-output>
          </reporter-output>
        </test-method> <!-- browserLaunch -->
        <test-method status="PASS" signature="validateSearch()[pri:0, instance:com.seleniummaven.search.Search@6f1fba17]" name="validateSearch" duration-ms="6520" started-at="2017-12-27T19:56:03Z" finished-at="2017-12-27T19:56:10Z">
          <reporter-output>
          </reporter-output>
        </test-method> <!-- validateSearch -->
        <test-method status="PASS" signature="tearUp()[pri:0, instance:com.seleniummaven.search.Search@6f1fba17]" name="tearUp" is-config="true" duration-ms="1" started-at="2017-12-27T19:56:10Z" finished-at="2017-12-27T19:56:10Z">
          <reporter-output>
          </reporter-output>
        </test-method> <!-- tearUp -->
      </class> <!-- com.seleniummaven.search.Search -->
    </test> <!-- Default test -->
  </suite> <!-- Default suite -->
</testng-results>
